{"uuid":"0da9fe08-5246-44b0-8dcc-f8587bbd6001","name":"Login","children":["49f0bf07-fd6d-49f3-adf2-205bc5b9cafd","c6dbd414-8245-498e-846c-c3200c69a46a"],"befores":[{"name":"beforeTest","status":"broken","statusDetails":{"known":false,"muted":false,"flaky":false,"message":"Could not start a new session. Unable to parse remote response:  \nHost info: host: 'DESKTOP-CTFVTUR', ip: '192.168.1.33'","trace":"org.openqa.selenium.SessionNotCreatedException: Could not start a new session. Unable to parse remote response:  \nHost info: host: 'DESKTOP-CTFVTUR', ip: '192.168.1.33'\r\n\tat org.openqa.selenium.remote.ProtocolHandshake.createSession(ProtocolHandshake.java:126)\r\n\tat org.openqa.selenium.remote.ProtocolHandshake.createSession(ProtocolHandshake.java:96)\r\n\tat org.openqa.selenium.remote.ProtocolHandshake.createSession(ProtocolHandshake.java:68)\r\n\tat org.openqa.selenium.remote.HttpCommandExecutor.execute(HttpCommandExecutor.java:163)\r\n\tat org.openqa.selenium.remote.service.DriverCommandExecutor.invokeExecute(DriverCommandExecutor.java:200)\r\n\tat org.openqa.selenium.remote.service.DriverCommandExecutor.execute(DriverCommandExecutor.java:175)\r\n\tat org.openqa.selenium.remote.RemoteWebDriver.execute(RemoteWebDriver.java:607)\r\n\tat org.openqa.selenium.remote.RemoteWebDriver.startSession(RemoteWebDriver.java:241)\r\n\tat org.openqa.selenium.remote.RemoteWebDriver.<init>(RemoteWebDriver.java:168)\r\n\tat org.openqa.selenium.chromium.ChromiumDriver.<init>(ChromiumDriver.java:108)\r\n\tat org.openqa.selenium.chrome.ChromeDriver.<init>(ChromeDriver.java:89)\r\n\tat org.openqa.selenium.chrome.ChromeDriver.<init>(ChromeDriver.java:84)\r\n\tat org.openqa.selenium.chrome.ChromeDriver.<init>(ChromeDriver.java:52)\r\n\tat org.example.Base.BaseTest.beforeTest(BaseTest.java:25)\r\n\tat java.base/jdk.internal.reflect.DirectMethodHandleAccessor.invoke(DirectMethodHandleAccessor.java:104)\r\n\tat java.base/java.lang.reflect.Method.invoke(Method.java:577)\r\n\tat org.testng.internal.invokers.MethodInvocationHelper.invokeMethod(MethodInvocationHelper.java:139)\r\n\tat org.testng.internal.invokers.MethodInvocationHelper.invokeMethodConsideringTimeout(MethodInvocationHelper.java:69)\r\n\tat org.testng.internal.invokers.ConfigInvoker.invokeConfigurationMethod(ConfigInvoker.java:361)\r\n\tat org.testng.internal.invokers.ConfigInvoker.invokeConfigurations(ConfigInvoker.java:296)\r\n\tat org.testng.internal.invokers.TestMethodWorker.invokeBeforeClassMethods(TestMethodWorker.java:180)\r\n\tat org.testng.internal.invokers.TestMethodWorker.run(TestMethodWorker.java:122)\r\n\tat java.base/java.util.ArrayList.forEach(ArrayList.java:1511)\r\n\tat org.testng.TestRunner.privateRun(TestRunner.java:829)\r\n\tat org.testng.TestRunner.run(TestRunner.java:602)\r\n\tat org.testng.SuiteRunner.runTest(SuiteRunner.java:437)\r\n\tat org.testng.SuiteRunner.runSequentially(SuiteRunner.java:431)\r\n\tat org.testng.SuiteRunner.privateRun(SuiteRunner.java:391)\r\n\tat org.testng.SuiteRunner.run(SuiteRunner.java:330)\r\n\tat org.testng.SuiteRunnerWorker.runSuite(SuiteRunnerWorker.java:52)\r\n\tat org.testng.SuiteRunnerWorker.run(SuiteRunnerWorker.java:95)\r\n\tat org.testng.TestNG.runSuitesSequentially(TestNG.java:1256)\r\n\tat org.testng.TestNG.runSuitesLocally(TestNG.java:1176)\r\n\tat org.testng.TestNG.runSuites(TestNG.java:1099)\r\n\tat org.testng.TestNG.run(TestNG.java:1067)\r\n\tat com.intellij.rt.testng.IDEARemoteTestNG.run(IDEARemoteTestNG.java:66)\r\n\tat com.intellij.rt.testng.RemoteTestNGStarter.main(RemoteTestNGStarter.java:109)\r\nCaused by: org.openqa.selenium.json.JsonException: Unable to parse: \r\n\tat org.openqa.selenium.json.Json.toType(Json.java:169)\r\n\tat org.openqa.selenium.json.Json.toType(Json.java:152)\r\n\tat org.openqa.selenium.remote.ProtocolHandshake.createSession(ProtocolHandshake.java:122)\r\n\t... 36 more\r\nCaused by: org.openqa.selenium.json.JsonException: Expected to read a START_MAP but instead have: END. Last 0 characters read: \nBuild info: version: '4.15.0', revision: '1d14b5521b'\nSystem info: os.name: 'Windows 10', os.arch: 'amd64', os.version: '10.0', java.version: '18.0.2.1'\nDriver info: driver.version: ChromeDriver\r\n\tat org.openqa.selenium.json.JsonInput.expect(JsonInput.java:467)\r\n\tat org.openqa.selenium.json.JsonInput.beginObject(JsonInput.java:333)\r\n\tat org.openqa.selenium.json.MapCoercer.lambda$apply$1(MapCoercer.java:64)\r\n\tat org.openqa.selenium.json.JsonTypeCoercer.lambda$buildCoercer$6(JsonTypeCoercer.java:171)\r\n\tat org.openqa.selenium.json.JsonTypeCoercer.coerce(JsonTypeCoercer.java:146)\r\n\tat org.openqa.selenium.json.Json.toType(Json.java:206)\r\n\tat org.openqa.selenium.json.Json.toType(Json.java:167)\r\n\t... 38 more\r\n"},"stage":"finished","description":"","steps":[],"attachments":[],"parameters":[],"start":1703347388369,"stop":1703347389432}],"afters":[{"name":"afterTest","status":"broken","stage":"finished","description":"","steps":[],"attachments":[],"parameters":[],"start":1703347389534,"stop":1703347389534}],"start":1703347388338,"stop":1703347389542}